<?xml version="1.0" encoding="UTF-8"?>
<!-- Generated by org.testng.reporters.JUnitXMLReporter -->
<testsuite ignored="0" hostname="DESKTOP-56BNNV9" failures="3" tests="4" name="Test" time="0.051" errors="0" timestamp="2024-11-18T11:22:50 IST">
  <testcase classname="machinetest.SignUp" name="signup" time="0.0">
    <failure type="org.testng.TestNGException" message="
Parameter &amp;apos;Name&amp;apos; is required by @Test on method signup but has not been marked @Optional or defined
in C:\SeleniumAutomation\Automation.QA.machine.test\testScript.xml">
      <![CDATA[org.testng.TestNGException: 
Parameter 'Name' is required by @Test on method signup but has not been marked @Optional or defined
in C:\SeleniumAutomation\Automation.QA.machine.test\testScript.xml
at java.base/java.util.ArrayList.forEach(ArrayList.java:1596)
... Removed 26 stack frames]]>
    </failure>
  </testcase> <!-- signup -->
  <testcase classname="machinetest.LoginJourney" name="signup" time="0.0">
    <failure type="org.testng.TestNGException" message="
Parameter &amp;apos;Email&amp;apos; is required by @Test on method signup but has not been marked @Optional or defined
in C:\SeleniumAutomation\Automation.QA.machine.test\testScript.xml">
      <![CDATA[org.testng.TestNGException: 
Parameter 'Email' is required by @Test on method signup but has not been marked @Optional or defined
in C:\SeleniumAutomation\Automation.QA.machine.test\testScript.xml
at java.base/java.util.ArrayList.forEach(ArrayList.java:1596)
... Removed 26 stack frames]]>
    </failure>
  </testcase> <!-- signup -->
  <testcase classname="machinetest.AddCustomer" name="addCustomer" time="0.0">
    <failure type="org.testng.TestNGException" message="
Method addCustomer requires 3 parameters but 4 were supplied in the @Test annotation.">
      <![CDATA[org.testng.TestNGException: 
Method addCustomer requires 3 parameters but 4 were supplied in the @Test annotation.
at java.base/java.util.ArrayList.forEach(ArrayList.java:1596)
... Removed 26 stack frames]]>
    </failure>
  </testcase> <!-- addCustomer -->
  <testcase classname="machinetest.PunchIn" name="punchIn" time="0.003"/>
</testsuite> <!-- Test -->
